<!DOCTYPE html PUBLIC "-//W3C//DTD XHTML 1.1//EN" "https://www.w3.org/TR/xhtml11/DTD/xhtml11.dtd">
<html xmlns="https://www.w3.org/1999/xhtml">
<head>
<meta http-equiv="content-type" content="text/html; charset=UTF-8"/>
<title>TestNG Report</title>
<style type="text/css">table {margin-bottom:10px;border-collapse:collapse;empty-cells:show}th,td {border:1px solid #009;padding:.25em .5em}th {vertical-align:bottom}td {vertical-align:top}table a {font-weight:bold}.stripe td {background-color: #E6EBF9}.num {text-align:right}.passedodd td {background-color: #3F3}.passedeven td {background-color: #0A0}.skippedodd td {background-color: #DDD}.skippedeven td {background-color: #CCC}.failedodd td,.attn {background-color: #F33}.failedeven td,.stripe .attn {background-color: #D00}.stacktrace {white-space:pre;font-family:monospace}.totop {font-size:85%;text-align:center;border-bottom:2px solid #000}.invisible {display:none}</style>
</head>
<body>
<table>
<tr><th>Test</th><th># Passed</th><th># Skipped</th><th># Retried</th><th># Failed</th><th>Time (ms)</th><th>Included Groups</th><th>Excluded Groups</th></tr>
<tr><th colspan="8">All Test Suite</th></tr>
<tr><td><a href="#t0">/Users/hassenehadjour/Desktop/web-automation-framework-team-6/src/test/java/orangehrm/project/tests</a></td><td class="num">20</td><td class="num">0</td><td class="num">0</td><td class="num attn">2</td><td class="num">137,843</td><td></td><td></td></tr>
</table>
<table id='summary'><thead><tr><th>Class</th><th>Method</th><th>Start</th><th>Time (ms)</th></tr></thead><tbody><tr><th colspan="4">All Test Suite</th></tr></tbody><tbody id="t0"><tr><th colspan="4">/Users/hassenehadjour/Desktop/web-automation-framework-team-6/src/test/java/orangehrm/project/tests &#8212; failed</th></tr><tr class="failedeven"><td rowspan="1">orangehrm.project.tests.AdminPageTest</td><td><a href="#m0">AddJobTitle</a></td><td rowspan="1">1675654804252</td><td rowspan="1">5798</td></tr><tr class="failedodd"><td rowspan="1">orangehrm.project.tests.MyInfoTest</td><td><a href="#m1">selectBloodType</a></td><td rowspan="1">1675654933290</td><td rowspan="1">4400</td></tr><tr><th colspan="4">/Users/hassenehadjour/Desktop/web-automation-framework-team-6/src/test/java/orangehrm/project/tests &#8212; passed</th></tr><tr class="passedeven"><td rowspan="1">orangehrm.project.tests.AdminPageTest</td><td><a href="#m2">ChangePasswordCheckBox</a></td><td rowspan="1">1675654813665</td><td rowspan="1">4350</td></tr><tr class="passedodd"><td rowspan="1">orangehrm.project.tests.BuzzPageTest</td><td><a href="#m3">addCommentToMostRecentPost</a></td><td rowspan="1">1675654821397</td><td rowspan="1">3864</td></tr><tr class="passedeven"><td rowspan="8">orangehrm.project.tests.HomePagetest</td><td><a href="#m4">AdminFromMenu</a></td><td rowspan="1">1675654828698</td><td rowspan="1">3117</td></tr><tr class="passedeven"><td><a href="#m5">BuzzFromMenu</a></td><td rowspan="1">1675654874426</td><td rowspan="1">2891</td></tr><tr class="passedeven"><td><a href="#m6">DashboardFromMenu</a></td><td rowspan="1">1675654861462</td><td rowspan="1">2817</td></tr><tr class="passedeven"><td><a href="#m7">DirectoryFromMenu</a></td><td rowspan="1">1675654867695</td><td rowspan="1">3343</td></tr><tr class="passedeven"><td><a href="#m8">LeaveFromMenu</a></td><td rowspan="1">1675654835233</td><td rowspan="1">3021</td></tr><tr class="passedeven"><td><a href="#m9">PerformanceFromMenu</a></td><td rowspan="1">1675654854888</td><td rowspan="1">3187</td></tr><tr class="passedeven"><td><a href="#m10">RecruitmentFromMenu</a></td><td rowspan="1">1675654848381</td><td rowspan="1">3053</td></tr><tr class="passedeven"><td><a href="#m11">TimeFromMenu</a></td><td rowspan="1">1675654841820</td><td rowspan="1">3183</td></tr><tr class="passedodd"><td rowspan="10">orangehrm.project.tests.LoginPageTest</td><td><a href="#m12">FacebookIconLink</a></td><td rowspan="1">1675654880783</td><td rowspan="1">1068</td></tr><tr class="passedodd"><td><a href="#m13">LinkedinIconLink</a></td><td rowspan="1">1675654885284</td><td rowspan="1">1101</td></tr><tr class="passedodd"><td><a href="#m14">LoginTest</a></td><td rowspan="1">1675654889824</td><td rowspan="1">1781</td></tr><tr class="passedodd"><td><a href="#m15">LoginTestWithInvalidCredentials</a></td><td rowspan="3">1675654899966</td><td rowspan="3">1294</td></tr><tr class="passedodd"><td><a href="#m16">LoginTestWithInvalidCredentials</a></td></tr><tr class="passedodd"><td><a href="#m17">LoginTestWithInvalidCredentials</a></td></tr><tr class="passedodd"><td><a href="#m18">OrangeHrmIncLink</a></td><td rowspan="1">1675654909789</td><td rowspan="1">2160</td></tr><tr class="passedodd"><td><a href="#m19">ResetPassword</a></td><td rowspan="1">1675654915407</td><td rowspan="1">2451</td></tr><tr class="passedodd"><td><a href="#m20">TweeterIconLink</a></td><td rowspan="1">1675654921267</td><td rowspan="1">385</td></tr><tr class="passedodd"><td><a href="#m21">YouTubeIconLink</a></td><td rowspan="1">1675654925686</td><td rowspan="1">4154</td></tr></tbody>
</table>
<h2>/Users/hassenehadjour/Desktop/web-automation-framework-team-6/src/test/java/orangehrm/project/tests</h2><h3 id="m0">orangehrm.project.tests.AdminPageTest#AddJobTitle</h3><table class="result"><tr class="param"><th>Parameter #1</th><th>Parameter #2</th><th>Parameter #3</th></tr><tr class="param stripe"><td>Global Healthcare Coordinator</td><td>Thunderstorms</td><td>This is Java faker</td></tr><tr><th colspan="3">Exception</th></tr><tr><td colspan="3"><div class="stacktrace">java.lang.AssertionError: expected [Successfully Saved] but found []
	at org.testng.Assert.fail(Assert.java:110)
	at org.testng.Assert.failNotEquals(Assert.java:1577)
	at org.testng.Assert.assertEqualsImpl(Assert.java:149)
	at org.testng.Assert.assertEquals(Assert.java:131)
	at org.testng.Assert.assertEquals(Assert.java:655)
	at org.testng.Assert.assertEquals(Assert.java:665)
	at orangehrm.project.tests.AdminPageTest.AddJobTitle(AdminPageTest.java:66)
	at java.base/jdk.internal.reflect.DirectMethodHandleAccessor.invoke(DirectMethodHandleAccessor.java:104)
	at java.base/java.lang.reflect.Method.invoke(Method.java:578)
	at org.testng.internal.invokers.MethodInvocationHelper.invokeMethod(MethodInvocationHelper.java:139)
	at org.testng.internal.invokers.TestInvoker.invokeMethod(TestInvoker.java:677)
	at org.testng.internal.invokers.TestInvoker.invokeTestMethod(TestInvoker.java:221)
	at org.testng.internal.invokers.MethodRunner.runInSequence(MethodRunner.java:50)
	at org.testng.internal.invokers.TestInvoker$MethodInvocationAgent.invoke(TestInvoker.java:969)
	at org.testng.internal.invokers.TestInvoker.invokeTestMethods(TestInvoker.java:194)
	at org.testng.internal.invokers.TestMethodWorker.invokeTestMethods(TestMethodWorker.java:148)
	at org.testng.internal.invokers.TestMethodWorker.run(TestMethodWorker.java:128)
	at java.base/java.util.ArrayList.forEach(ArrayList.java:1511)
	at org.testng.TestRunner.privateRun(TestRunner.java:829)
	at org.testng.TestRunner.run(TestRunner.java:602)
	at org.testng.SuiteRunner.runTest(SuiteRunner.java:437)
	at org.testng.SuiteRunner.runSequentially(SuiteRunner.java:431)
	at org.testng.SuiteRunner.privateRun(SuiteRunner.java:391)
	at org.testng.SuiteRunner.run(SuiteRunner.java:330)
	at org.testng.SuiteRunnerWorker.runSuite(SuiteRunnerWorker.java:52)
	at org.testng.SuiteRunnerWorker.run(SuiteRunnerWorker.java:95)
	at org.testng.TestNG.runSuitesSequentially(TestNG.java:1256)
	at org.testng.TestNG.runSuitesLocally(TestNG.java:1176)
	at org.testng.TestNG.runSuites(TestNG.java:1099)
	at org.testng.TestNG.run(TestNG.java:1067)
	at org.apache.maven.surefire.testng.TestNGExecutor.run(TestNGExecutor.java:178)
	at org.apache.maven.surefire.testng.TestNGXmlTestSuite.execute(TestNGXmlTestSuite.java:92)
	at org.apache.maven.surefire.testng.TestNGProvider.invoke(TestNGProvider.java:96)
	at java.base/jdk.internal.reflect.DirectMethodHandleAccessor.invoke(DirectMethodHandleAccessor.java:104)
	at java.base/java.lang.reflect.Method.invoke(Method.java:578)
	at org.apache.maven.surefire.util.ReflectionUtils.invokeMethodWithArray(ReflectionUtils.java:189)
	at org.apache.maven.surefire.booter.ProviderFactory$ProviderProxy.invoke(ProviderFactory.java:165)
	at org.apache.maven.surefire.booter.ProviderFactory.invokeProvider(ProviderFactory.java:85)
	at org.apache.maven.surefire.booter.ForkedBooter.runSuitesInProcess(ForkedBooter.java:115)
	at org.apache.maven.surefire.booter.ForkedBooter.main(ForkedBooter.java:75)
</div></td></tr></table><p class="totop"><a href="#summary">back to summary</a></p>
<h3 id="m1">orangehrm.project.tests.MyInfoTest#selectBloodType</h3><table class="result"><tr><th>Exception</th></tr><tr><td><div class="stacktrace">java.lang.AssertionError: expected [Success] but found []
	at org.testng.Assert.fail(Assert.java:110)
	at org.testng.Assert.failNotEquals(Assert.java:1577)
	at org.testng.Assert.assertEqualsImpl(Assert.java:149)
	at org.testng.Assert.assertEquals(Assert.java:131)
	at org.testng.Assert.assertEquals(Assert.java:655)
	at org.testng.Assert.assertEquals(Assert.java:665)
	at orangehrm.project.tests.MyInfoTest.selectBloodType(MyInfoTest.java:36)
	at java.base/jdk.internal.reflect.DirectMethodHandleAccessor.invoke(DirectMethodHandleAccessor.java:104)
	at java.base/java.lang.reflect.Method.invoke(Method.java:578)
	at org.testng.internal.invokers.MethodInvocationHelper.invokeMethod(MethodInvocationHelper.java:139)
	at org.testng.internal.invokers.TestInvoker.invokeMethod(TestInvoker.java:677)
	at org.testng.internal.invokers.TestInvoker.invokeTestMethod(TestInvoker.java:221)
	at org.testng.internal.invokers.MethodRunner.runInSequence(MethodRunner.java:50)
	at org.testng.internal.invokers.TestInvoker$MethodInvocationAgent.invoke(TestInvoker.java:969)
	at org.testng.internal.invokers.TestInvoker.invokeTestMethods(TestInvoker.java:194)
	at org.testng.internal.invokers.TestMethodWorker.invokeTestMethods(TestMethodWorker.java:148)
	at org.testng.internal.invokers.TestMethodWorker.run(TestMethodWorker.java:128)
	at java.base/java.util.ArrayList.forEach(ArrayList.java:1511)
	at org.testng.TestRunner.privateRun(TestRunner.java:829)
	at org.testng.TestRunner.run(TestRunner.java:602)
	at org.testng.SuiteRunner.runTest(SuiteRunner.java:437)
	at org.testng.SuiteRunner.runSequentially(SuiteRunner.java:431)
	at org.testng.SuiteRunner.privateRun(SuiteRunner.java:391)
	at org.testng.SuiteRunner.run(SuiteRunner.java:330)
	at org.testng.SuiteRunnerWorker.runSuite(SuiteRunnerWorker.java:52)
	at org.testng.SuiteRunnerWorker.run(SuiteRunnerWorker.java:95)
	at org.testng.TestNG.runSuitesSequentially(TestNG.java:1256)
	at org.testng.TestNG.runSuitesLocally(TestNG.java:1176)
	at org.testng.TestNG.runSuites(TestNG.java:1099)
	at org.testng.TestNG.run(TestNG.java:1067)
	at org.apache.maven.surefire.testng.TestNGExecutor.run(TestNGExecutor.java:178)
	at org.apache.maven.surefire.testng.TestNGXmlTestSuite.execute(TestNGXmlTestSuite.java:92)
	at org.apache.maven.surefire.testng.TestNGProvider.invoke(TestNGProvider.java:96)
	at java.base/jdk.internal.reflect.DirectMethodHandleAccessor.invoke(DirectMethodHandleAccessor.java:104)
	at java.base/java.lang.reflect.Method.invoke(Method.java:578)
	at org.apache.maven.surefire.util.ReflectionUtils.invokeMethodWithArray(ReflectionUtils.java:189)
	at org.apache.maven.surefire.booter.ProviderFactory$ProviderProxy.invoke(ProviderFactory.java:165)
	at org.apache.maven.surefire.booter.ProviderFactory.invokeProvider(ProviderFactory.java:85)
	at org.apache.maven.surefire.booter.ForkedBooter.runSuitesInProcess(ForkedBooter.java:115)
	at org.apache.maven.surefire.booter.ForkedBooter.main(ForkedBooter.java:75)
</div></td></tr></table><p class="totop"><a href="#summary">back to summary</a></p>
<h3 id="m2">orangehrm.project.tests.AdminPageTest#ChangePasswordCheckBox</h3><table class="result"><tr><th class="invisible"/></tr></table><p class="totop"><a href="#summary">back to summary</a></p>
<h3 id="m3">orangehrm.project.tests.BuzzPageTest#addCommentToMostRecentPost</h3><table class="result"><tr><th class="invisible"/></tr></table><p class="totop"><a href="#summary">back to summary</a></p>
<h3 id="m4">orangehrm.project.tests.HomePagetest#AdminFromMenu</h3><table class="result"><tr><th class="invisible"/></tr></table><p class="totop"><a href="#summary">back to summary</a></p>
<h3 id="m5">orangehrm.project.tests.HomePagetest#BuzzFromMenu</h3><table class="result"><tr><th class="invisible"/></tr></table><p class="totop"><a href="#summary">back to summary</a></p>
<h3 id="m6">orangehrm.project.tests.HomePagetest#DashboardFromMenu</h3><table class="result"><tr><th class="invisible"/></tr></table><p class="totop"><a href="#summary">back to summary</a></p>
<h3 id="m7">orangehrm.project.tests.HomePagetest#DirectoryFromMenu</h3><table class="result"><tr><th class="invisible"/></tr></table><p class="totop"><a href="#summary">back to summary</a></p>
<h3 id="m8">orangehrm.project.tests.HomePagetest#LeaveFromMenu</h3><table class="result"><tr><th class="invisible"/></tr></table><p class="totop"><a href="#summary">back to summary</a></p>
<h3 id="m9">orangehrm.project.tests.HomePagetest#PerformanceFromMenu</h3><table class="result"><tr><th class="invisible"/></tr></table><p class="totop"><a href="#summary">back to summary</a></p>
<h3 id="m10">orangehrm.project.tests.HomePagetest#RecruitmentFromMenu</h3><table class="result"><tr><th class="invisible"/></tr></table><p class="totop"><a href="#summary">back to summary</a></p>
<h3 id="m11">orangehrm.project.tests.HomePagetest#TimeFromMenu</h3><table class="result"><tr><th class="invisible"/></tr></table><p class="totop"><a href="#summary">back to summary</a></p>
<h3 id="m12">orangehrm.project.tests.LoginPageTest#FacebookIconLink</h3><table class="result"><tr><th class="invisible"/></tr></table><p class="totop"><a href="#summary">back to summary</a></p>
<h3 id="m13">orangehrm.project.tests.LoginPageTest#LinkedinIconLink</h3><table class="result"><tr><th class="invisible"/></tr></table><p class="totop"><a href="#summary">back to summary</a></p>
<h3 id="m14">orangehrm.project.tests.LoginPageTest#LoginTest</h3><table class="result"><tr><th class="invisible"/></tr></table><p class="totop"><a href="#summary">back to summary</a></p>
<h3 id="m15">orangehrm.project.tests.LoginPageTest#LoginTestWithInvalidCredentials</h3><table class="result"><tr class="param"><th>Parameter #1</th><th>Parameter #2</th></tr><tr class="param stripe"><td>dong.leffler</td><td>admin123</td></tr></table><p class="totop"><a href="#summary">back to summary</a></p>
<h3 id="m16">orangehrm.project.tests.LoginPageTest#LoginTestWithInvalidCredentials</h3><table class="result"><tr class="param"><th>Parameter #1</th><th>Parameter #2</th></tr><tr class="param stripe"><td>Admin</td><td>jus6l06rfnev</td></tr></table><p class="totop"><a href="#summary">back to summary</a></p>
<h3 id="m17">orangehrm.project.tests.LoginPageTest#LoginTestWithInvalidCredentials</h3><table class="result"><tr class="param"><th>Parameter #1</th><th>Parameter #2</th></tr><tr class="param stripe"><td>dong.leffler</td><td>jus6l06rfnev</td></tr></table><p class="totop"><a href="#summary">back to summary</a></p>
<h3 id="m18">orangehrm.project.tests.LoginPageTest#OrangeHrmIncLink</h3><table class="result"><tr><th class="invisible"/></tr></table><p class="totop"><a href="#summary">back to summary</a></p>
<h3 id="m19">orangehrm.project.tests.LoginPageTest#ResetPassword</h3><table class="result"><tr><th class="invisible"/></tr></table><p class="totop"><a href="#summary">back to summary</a></p>
<h3 id="m20">orangehrm.project.tests.LoginPageTest#TweeterIconLink</h3><table class="result"><tr><th class="invisible"/></tr></table><p class="totop"><a href="#summary">back to summary</a></p>
<h3 id="m21">orangehrm.project.tests.LoginPageTest#YouTubeIconLink</h3><table class="result"><tr><th class="invisible"/></tr></table><p class="totop"><a href="#summary">back to summary</a></p>
</body>
</html>
