<?xml version="1.0" encoding="UTF-8" ?>
<testsuite tests="22" failures="2" name="TestSuite" time="60.573" errors="0" skipped="0">
  <properties>
    <property name="java.runtime.name" value="OpenJDK Runtime Environment"/>
    <property name="java.vm.version" value="19.0.2"/>
    <property name="sun.boot.library.path" value="/usr/local/Cellar/openjdk/19.0.2/libexec/openjdk.jdk/Contents/Home/lib"/>
    <property name="maven.multiModuleProjectDirectory" value="/Users/hassenehadjour/Desktop/SeleniumFinal"/>
    <property name="java.vm.vendor" value="Homebrew"/>
    <property name="java.vendor.url" value="https://github.com/Homebrew/homebrew-core/issues"/>
    <property name="guice.disable.misplaced.annotation.check" value="true"/>
    <property name="path.separator" value=":"/>
    <property name="java.vm.name" value="OpenJDK 64-Bit Server VM"/>
    <property name="user.country" value="US"/>
    <property name="sun.java.launcher" value="SUN_STANDARD"/>
    <property name="java.vm.specification.name" value="Java Virtual Machine Specification"/>
    <property name="user.dir" value="/Users/hassenehadjour/Desktop/SeleniumFinal"/>
    <property name="java.vm.compressedOopsMode" value="Zero based"/>
    <property name="java.runtime.version" value="19.0.2"/>
    <property name="os.arch" value="x86_64"/>
    <property name="java.io.tmpdir" value="/var/folders/49/v_s1tc_d2bx8j8nxk9jnffsr0000gn/T/"/>
    <property name="line.separator" value="
"/>
    <property name="java.vm.specification.vendor" value="Oracle Corporation"/>
    <property name="stderr.encoding" value="UTF-8"/>
    <property name="os.name" value="Mac OS X"/>
    <property name="classworlds.conf" value="/usr/local/Cellar/maven/3.8.7/libexec/bin/m2.conf"/>
    <property name="sun.jnu.encoding" value="UTF-8"/>
    <property name="stdout.encoding" value="UTF-8"/>
    <property name="java.library.path" value="/Users/hassenehadjour/Library/Java/Extensions:/Library/Java/Extensions:/Network/Library/Java/Extensions:/System/Library/Java/Extensions:/usr/lib/java:."/>
    <property name="maven.conf" value="/usr/local/Cellar/maven/3.8.7/libexec/conf"/>
    <property name="jdk.debug" value="release"/>
    <property name="java.class.version" value="63.0"/>
    <property name="java.specification.name" value="Java Platform API Specification"/>
    <property name="sun.management.compiler" value="HotSpot 64-Bit Tiered Compilers"/>
    <property name="os.version" value="12.6.2"/>
    <property name="library.jansi.path" value="/usr/local/Cellar/maven/3.8.7/libexec/lib/jansi-native"/>
    <property name="http.nonProxyHosts" value="local|*.local|169.254/16|*.169.254/16"/>
    <property name="user.home" value="/Users/hassenehadjour"/>
    <property name="user.timezone" value="America/New_York"/>
    <property name="file.encoding" value="UTF-8"/>
    <property name="java.specification.version" value="19"/>
    <property name="user.name" value="hassenehadjour"/>
    <property name="java.class.path" value="/usr/local/Cellar/maven/3.8.7/libexec/boot/plexus-classworlds-2.6.0.jar"/>
    <property name="java.vm.specification.version" value="19"/>
    <property name="sun.arch.data.model" value="64"/>
    <property name="sun.java.command" value="org.codehaus.plexus.classworlds.launcher.Launcher clean install"/>
    <property name="java.home" value="/usr/local/Cellar/openjdk/19.0.2/libexec/openjdk.jdk/Contents/Home"/>
    <property name="apple.awt.application.name" value="Launcher"/>
    <property name="user.language" value="en"/>
    <property name="java.specification.vendor" value="Oracle Corporation"/>
    <property name="java.vm.info" value="mixed mode, sharing"/>
    <property name="java.version" value="19.0.2"/>
    <property name="native.encoding" value="UTF-8"/>
    <property name="java.vendor" value="Homebrew"/>
    <property name="maven.home" value="/usr/local/Cellar/maven/3.8.7/libexec"/>
    <property name="file.separator" value="/"/>
    <property name="java.version.date" value="2023-01-17"/>
    <property name="java.vendor.url.bug" value="https://github.com/Homebrew/homebrew-core/issues"/>
    <property name="sun.io.unicode.encoding" value="UnicodeBig"/>
    <property name="sun.cpu.endian" value="little"/>
    <property name="java.vendor.version" value="Homebrew"/>
    <property name="socksNonProxyHosts" value="local|*.local|169.254/16|*.169.254/16"/>
    <property name="ftp.nonProxyHosts" value="local|*.local|169.254/16|*.169.254/16"/>
  </properties>
  <testcase classname="orangehrm.project.tests.AdminPageTest" name="AddJobTitle" time="5.802">
    <failure message="expected [Successfully Saved] but found []" type="java.lang.AssertionError">java.lang.AssertionError: expected [Successfully Saved] but found []
	at org.testng.Assert.fail(Assert.java:110)
	at org.testng.Assert.failNotEquals(Assert.java:1577)
	at org.testng.Assert.assertEqualsImpl(Assert.java:149)
	at org.testng.Assert.assertEquals(Assert.java:131)
	at org.testng.Assert.assertEquals(Assert.java:655)
	at org.testng.Assert.assertEquals(Assert.java:665)
	at orangehrm.project.tests.AdminPageTest.AddJobTitle(AdminPageTest.java:66)
</failure>
    <system-out>Database is connected
Database is connected
Database is connected
Database is connected
Database is connected
Database is connected
Database is connected
Database is connected
Database is connected
Database is connected
Extent Report Directory/Users/hassenehadjour/Desktop/SeleniumFinal/target/surefire-reports/html
Database is connected
Database is connected
22:40:04.618 [main] INFO  com.orangehrm.project.pages.LoginPage - Username set
22:40:04.694 [main] INFO  com.orangehrm.project.pages.LoginPage - Password set
22:40:05.779 [main] INFO  com.orangehrm.project.pages.LoginPage - Login button clicked
22:40:05.780 [main] INFO  com.orangehrm.project.pages.LoginPage - Login Successful
Database is connected
Database is connected
22:40:07.314 [main] INFO  com.orangehrm.project.pages.HomePage - Click on Admin successful
Database is connected
Database is connected
22:40:08.039 [main] INFO  com.orangehrm.project.pages.AdminPage - Job Titles is selected from JobDropDown
22:40:08.802 [main] INFO  com.orangehrm.project.pages.AdminPage - Add button clicked
22:40:09.200 [main] INFO  com.orangehrm.project.pages.AdminPage - JobTitle text typed
22:40:09.255 [main] INFO  com.orangehrm.project.pages.AdminPage - Job description text typed
22:40:09.311 [main] INFO  com.orangehrm.project.pages.AdminPage - Note text typed
22:40:09.464 [main] INFO  com.orangehrm.project.pages.AdminPage - Save button clicked
22:40:10.038 [main] INFO  com.orangehrm.project.pages.AdminPage - Toast message captured
</system-out>
    <system-err>SLF4J: Failed to load class &quot;org.slf4j.impl.StaticLoggerBinder&quot;.
SLF4J: Defaulting to no-operation (NOP) logger implementation
SLF4J: See http://www.slf4j.org/codes.html#StaticLoggerBinder for further details.
Feb 05, 2023 10:39:59 PM com.relevantcodes.extentreports.ExtentReports loadConfig
WARNING: Unable to perform report configuration. The file /Users/hassenehadjour/Desktop/SeleniumFinal/report-config.xml was not found.
Starting ChromeDriver 109.0.5414.74 (e7c5703604daa9cc128ccf5a5d3e993513758913-refs/branch-heads/5414@{#1172}) on port 32670
Only local connections are allowed.
Please see https://chromedriver.chromium.org/security-considerations for suggestions on keeping ChromeDriver safe.
ChromeDriver was started successfully.
Feb 05, 2023 10:40:02 PM org.openqa.selenium.devtools.CdpVersionFinder findNearestMatch
WARNING: Unable to find an exact match for CDP version 109, so returning the closest version found: 108
</system-err>
  </testcase>
  <testcase classname="orangehrm.project.tests.AdminPageTest" name="ChangePasswordCheckBox" time="4.351"/>
  <testcase classname="orangehrm.project.tests.BuzzPageTest" name="addCommentToMostRecentPost" time="3.863"/>
  <testcase classname="orangehrm.project.tests.HomePagetest" name="AdminFromMenu" time="3.118"/>
  <testcase classname="orangehrm.project.tests.HomePagetest" name="LeaveFromMenu" time="3.02"/>
  <testcase classname="orangehrm.project.tests.HomePagetest" name="TimeFromMenu" time="3.183"/>
  <testcase classname="orangehrm.project.tests.HomePagetest" name="RecruitmentFromMenu" time="3.054"/>
  <testcase classname="orangehrm.project.tests.HomePagetest" name="PerformanceFromMenu" time="3.188"/>
  <testcase classname="orangehrm.project.tests.HomePagetest" name="DashboardFromMenu" time="2.818"/>
  <testcase classname="orangehrm.project.tests.HomePagetest" name="DirectoryFromMenu" time="3.343"/>
  <testcase classname="orangehrm.project.tests.HomePagetest" name="BuzzFromMenu" time="2.89"/>
  <testcase classname="orangehrm.project.tests.LoginPageTest" name="FacebookIconLink" time="1.068"/>
  <testcase classname="orangehrm.project.tests.LoginPageTest" name="LinkedinIconLink" time="1.101"/>
  <testcase classname="orangehrm.project.tests.LoginPageTest" name="LoginTest" time="1.781"/>
  <testcase classname="orangehrm.project.tests.LoginPageTest" name="LoginTestWithInvalidCredentials" time="1.532"/>
  <testcase classname="orangehrm.project.tests.LoginPageTest" name="LoginTestWithInvalidCredentials" time="1.294"/>
  <testcase classname="orangehrm.project.tests.LoginPageTest" name="LoginTestWithInvalidCredentials" time="1.616"/>
  <testcase classname="orangehrm.project.tests.LoginPageTest" name="OrangeHrmIncLink" time="2.16"/>
  <testcase classname="orangehrm.project.tests.LoginPageTest" name="ResetPassword" time="2.451"/>
  <testcase classname="orangehrm.project.tests.LoginPageTest" name="TweeterIconLink" time="0.385"/>
  <testcase classname="orangehrm.project.tests.LoginPageTest" name="YouTubeIconLink" time="4.154"/>
  <testcase classname="orangehrm.project.tests.MyInfoTest" name="selectBloodType" time="4.401">
    <failure message="expected [Success] but found []" type="java.lang.AssertionError">java.lang.AssertionError: expected [Success] but found []
	at org.testng.Assert.fail(Assert.java:110)
	at org.testng.Assert.failNotEquals(Assert.java:1577)
	at org.testng.Assert.assertEqualsImpl(Assert.java:149)
	at org.testng.Assert.assertEquals(Assert.java:131)
	at org.testng.Assert.assertEquals(Assert.java:655)
	at org.testng.Assert.assertEquals(Assert.java:665)
	at orangehrm.project.tests.MyInfoTest.selectBloodType(MyInfoTest.java:36)
</failure>
    <system-out>Database is connected
Database is connected
22:42:13.677 [main] INFO  com.orangehrm.project.pages.LoginPage - Username set
22:42:13.748 [main] INFO  com.orangehrm.project.pages.LoginPage - Password set
22:42:14.742 [main] INFO  com.orangehrm.project.pages.LoginPage - Login button clicked
22:42:14.742 [main] INFO  com.orangehrm.project.pages.LoginPage - Login Successful
Database is connected
Database is connected
22:42:16.200 [main] INFO  com.orangehrm.project.pages.HomePage - Click on My Info successful
Database is connected
Database is connected
22:42:17.393 [main] INFO  com.orangehrm.project.pages.MyInfo - blood type already selected as O+
22:42:17.690 [main] INFO  com.orangehrm.project.pages.MyInfo - Toast message captured
</system-out>
    <system-err>Starting ChromeDriver 109.0.5414.74 (e7c5703604daa9cc128ccf5a5d3e993513758913-refs/branch-heads/5414@{#1172}) on port 36716
Only local connections are allowed.
Please see https://chromedriver.chromium.org/security-considerations for suggestions on keeping ChromeDriver safe.
ChromeDriver was started successfully.
Feb 05, 2023 10:42:11 PM org.openqa.selenium.devtools.CdpVersionFinder findNearestMatch
WARNING: Unable to find an exact match for CDP version 109, so returning the closest version found: 108
</system-err>
  </testcase>
</testsuite>