<html>
<head>
<title>TestNG:  /Users/hassenehadjour/Desktop/web-automation-framework-team-6/src/test/java/orangehrm/project/tests</title>
<link href="../testng.css" rel="stylesheet" type="text/css" />
<link href="../my-testng.css" rel="stylesheet" type="text/css" />

<style type="text/css">
.log { display: none;} 
.stack-trace { display: none;} 
</style>
<script type="text/javascript">
<!--
function flip(e) {
  current = e.style.display;
  if (current == 'block') {
    e.style.display = 'none';
    return 0;
  }
  else {
    e.style.display = 'block';
    return 1;
  }
}

function toggleBox(szDivId, elem, msg1, msg2)
{
  var res = -1;  if (document.getElementById) {
    res = flip(document.getElementById(szDivId));
  }
  else if (document.all) {
    // this is the way old msie versions work
    res = flip(document.all[szDivId]);
  }
  if(elem) {
    if(res == 0) elem.innerHTML = msg1; else elem.innerHTML = msg2;
  }

}

function toggleAllBoxes() {
  if (document.getElementsByTagName) {
    d = document.getElementsByTagName('div');
    for (i = 0; i < d.length; i++) {
      if (d[i].className == 'log') {
        flip(d[i]);
      }
    }
  }
}

// -->
</script>

</head>
<body>
<h2 align='center'>/Users/hassenehadjour/Desktop/web-automation-framework-team-6/src/test/java/orangehrm/project/tests</h2><table border='1' align="center">
<tr>
<td>Tests passed/Failed/Skipped:</td><td>20/2/0</td>
</tr><tr>
<td>Started on:</td><td>Sun Feb 05 22:39:59 EST 2023</td>
</tr>
<tr><td>Total time:</td><td>137 seconds (137843 ms)</td>
</tr><tr>
<td>Included groups:</td><td></td>
</tr><tr>
<td>Excluded groups:</td><td></td>
</tr>
</table><p/>
<small><i>(Hover the method name to see the test class name)</i></small><p/>
<table width='100%' border='1' class='invocation-failed'>
<tr><td colspan='4' align='center'><b>FAILED TESTS</b></td></tr>
<tr><td><b>Test method</b></td>
<td><b>Attribute(s)</b></td>
<td width="30%"><b>Exception</b></td>
<td width="10%"><b>Time (seconds)</b></td>
<td><b>Instance</b></td>
</tr>
<tr>
<td title='orangehrm.project.tests.AdminPageTest.AddJobTitle()'><b>AddJobTitle</b><br>Test class: orangehrm.project.tests.AdminPageTest<br>Parameters: Global Healthcare Coordinator, Thunderstorms, This is Java faker</td>
<td><div><pre>java.lang.AssertionError: expected [Successfully Saved] but found []
	at org.testng.Assert.fail(Assert.java:110)
	at org.testng.Assert.failNotEquals(Assert.java:1577)
	at org.testng.Assert.assertEqualsImpl(Assert.java:149)
	at org.testng.Assert.assertEquals(Assert.java:131)
	at org.testng.Assert.assertEquals(Assert.java:655)
	at org.testng.Assert.assertEquals(Assert.java:665)
	at orangehrm.project.tests.AdminPageTest.AddJobTitle(AdminPageTest.java:66)
	at java.base/jdk.internal.reflect.DirectMethodHandleAccessor.invoke(DirectMethodHandleAccessor.java:104)
	at java.base/java.lang.reflect.Method.invoke(Method.java:578)
	at org.testng.internal.invokers.MethodInvocationHelper.invokeMethod(MethodInvocationHelper.java:139)
	at org.testng.internal.invokers.TestInvoker.invokeMethod(TestInvoker.java:677)
	at org.testng.internal.invokers.TestInvoker.invokeTestMethod(TestInvoker.java:221)
	at org.testng.internal.invokers.MethodRunner.runInSequence(MethodRunner.java:50)
	at org.testng.internal.invokers.TestInvoker$MethodInvocationAgent.invoke(TestInvoker.java:969)
	at org.testng.internal.invokers.TestInvoker.invokeTestMethods(TestInvoker.java:194)
	at org.testng.internal.invokers.TestMethodWorker.invokeTestMethods(TestMethodWorker.java:148)
	at org.testng.internal.invokers.TestMethodWorker.run(TestMethodWorker.java:128)
	at java.base/java.util.ArrayList.forEach(ArrayList.java:1511)
	at org.testng.TestRunner.privateRun(TestRunner.java:829)
	at org.testng.TestRunner.run(TestRunner.java:602)
	at org.testng.SuiteRunner.runTest(SuiteRunner.java:437)
	at org.testng.SuiteRunner.runSequentially(SuiteRunner.java:431)
	at org.testng.SuiteRunner.privateRun(SuiteRunner.java:391)
	at org.testng.SuiteRunner.run(SuiteRunner.java:330)
	at org.testng.SuiteRunnerWorker.runSuite(SuiteRunnerWorker.java:52)
	at org.testng.SuiteRunnerWorker.run(SuiteRunnerWorker.java:95)
	at org.testng.TestNG.runSuitesSequentially(TestNG.java:1256)
	at org.testng.TestNG.runSuitesLocally(TestNG.java:1176)
	at org.testng.TestNG.runSuites(TestNG.java:1099)
	at org.testng.TestNG.run(TestNG.java:1067)
	at org.apache.maven.surefire.testng.TestNGExecutor.run(TestNGExecutor.java:178)
	at org.apache.maven.surefire.testng.TestNGXmlTestSuite.execute(TestNGXmlTestSuite.java:92)
	at org.apache.maven.surefire.testng.TestNGProvider.invoke(TestNGProvider.java:96)
	at java.base/jdk.internal.reflect.DirectMethodHandleAccessor.invoke(DirectMethodHandleAccessor.java:104)
	at java.base/java.lang.reflect.Method.invoke(Method.java:578)
	at org.apache.maven.surefire.util.ReflectionUtils.invokeMethodWithArray(ReflectionUtils.java:189)
	at org.apache.maven.surefire.booter.ProviderFactory$ProviderProxy.invoke(ProviderFactory.java:165)
	at org.apache.maven.surefire.booter.ProviderFactory.invokeProvider(ProviderFactory.java:85)
	at org.apache.maven.surefire.booter.ForkedBooter.runSuitesInProcess(ForkedBooter.java:115)
	at org.apache.maven.surefire.booter.ForkedBooter.main(ForkedBooter.java:75)
</pre></div><a href='#' onClick='toggleBox("stack-trace2133359512", this, "Click to show all stack frames", "Click to hide stack frames")'>Click to show all stack frames</a>
<div class='stack-trace' id='stack-trace2133359512'><pre>java.lang.AssertionError: expected [Successfully Saved] but found []
	at org.testng.Assert.fail(Assert.java:110)
	at org.testng.Assert.failNotEquals(Assert.java:1577)
	at org.testng.Assert.assertEqualsImpl(Assert.java:149)
	at org.testng.Assert.assertEquals(Assert.java:131)
	at org.testng.Assert.assertEquals(Assert.java:655)
	at org.testng.Assert.assertEquals(Assert.java:665)
	at orangehrm.project.tests.AdminPageTest.AddJobTitle(AdminPageTest.java:66)
	at java.base/jdk.internal.reflect.DirectMethodHandleAccessor.invoke(DirectMethodHandleAccessor.java:104)
	at java.base/java.lang.reflect.Method.invoke(Method.java:578)
	at org.testng.internal.invokers.MethodInvocationHelper.invokeMethod(MethodInvocationHelper.java:139)
	at org.testng.internal.invokers.TestInvoker.invokeMethod(TestInvoker.java:677)
	at org.testng.internal.invokers.TestInvoker.invokeTestMethod(TestInvoker.java:221)
	at org.testng.internal.invokers.MethodRunner.runInSequence(MethodRunner.java:50)
	at org.testng.internal.invokers.TestInvoker$MethodInvocationAgent.invoke(TestInvoker.java:969)
	at org.testng.internal.invokers.TestInvoker.invokeTestMethods(TestInvoker.java:194)
	at org.testng.internal.invokers.TestMethodWorker.invokeTestMethods(TestMethodWorker.java:148)
	at org.testng.internal.invokers.TestMethodWorker.run(TestMethodWorker.java:128)
	at java.base/java.util.ArrayList.forEach(ArrayList.java:1511)
	at org.testng.TestRunner.privateRun(TestRunner.java:829)
	at org.testng.TestRunner.run(TestRunner.java:602)
	at org.testng.SuiteRunner.runTest(SuiteRunner.java:437)
	at org.testng.SuiteRunner.runSequentially(SuiteRunner.java:431)
	at org.testng.SuiteRunner.privateRun(SuiteRunner.java:391)
	at org.testng.SuiteRunner.run(SuiteRunner.java:330)
	at org.testng.SuiteRunnerWorker.runSuite(SuiteRunnerWorker.java:52)
	at org.testng.SuiteRunnerWorker.run(SuiteRunnerWorker.java:95)
	at org.testng.TestNG.runSuitesSequentially(TestNG.java:1256)
	at org.testng.TestNG.runSuitesLocally(TestNG.java:1176)
	at org.testng.TestNG.runSuites(TestNG.java:1099)
	at org.testng.TestNG.run(TestNG.java:1067)
	at org.apache.maven.surefire.testng.TestNGExecutor.run(TestNGExecutor.java:178)
	at org.apache.maven.surefire.testng.TestNGXmlTestSuite.execute(TestNGXmlTestSuite.java:92)
	at org.apache.maven.surefire.testng.TestNGProvider.invoke(TestNGProvider.java:96)
	at java.base/jdk.internal.reflect.DirectMethodHandleAccessor.invoke(DirectMethodHandleAccessor.java:104)
	at java.base/java.lang.reflect.Method.invoke(Method.java:578)
	at org.apache.maven.surefire.util.ReflectionUtils.invokeMethodWithArray(ReflectionUtils.java:189)
	at org.apache.maven.surefire.booter.ProviderFactory$ProviderProxy.invoke(ProviderFactory.java:165)
	at org.apache.maven.surefire.booter.ProviderFactory.invokeProvider(ProviderFactory.java:85)
	at org.apache.maven.surefire.booter.ForkedBooter.runSuitesInProcess(ForkedBooter.java:115)
	at org.apache.maven.surefire.booter.ForkedBooter.main(ForkedBooter.java:75)
</pre></div></td>
<td>5</td>
<td>orangehrm.project.tests.AdminPageTest@4642b71d</td></tr>
<tr>
<td title='orangehrm.project.tests.MyInfoTest.selectBloodType()'><b>selectBloodType</b><br>Test class: orangehrm.project.tests.MyInfoTest</td>
<td><div><pre>java.lang.AssertionError: expected [Success] but found []
	at org.testng.Assert.fail(Assert.java:110)
	at org.testng.Assert.failNotEquals(Assert.java:1577)
	at org.testng.Assert.assertEqualsImpl(Assert.java:149)
	at org.testng.Assert.assertEquals(Assert.java:131)
	at org.testng.Assert.assertEquals(Assert.java:655)
	at org.testng.Assert.assertEquals(Assert.java:665)
	at orangehrm.project.tests.MyInfoTest.selectBloodType(MyInfoTest.java:36)
	at java.base/jdk.internal.reflect.DirectMethodHandleAccessor.invoke(DirectMethodHandleAccessor.java:104)
	at java.base/java.lang.reflect.Method.invoke(Method.java:578)
	at org.testng.internal.invokers.MethodInvocationHelper.invokeMethod(MethodInvocationHelper.java:139)
	at org.testng.internal.invokers.TestInvoker.invokeMethod(TestInvoker.java:677)
	at org.testng.internal.invokers.TestInvoker.invokeTestMethod(TestInvoker.java:221)
	at org.testng.internal.invokers.MethodRunner.runInSequence(MethodRunner.java:50)
	at org.testng.internal.invokers.TestInvoker$MethodInvocationAgent.invoke(TestInvoker.java:969)
	at org.testng.internal.invokers.TestInvoker.invokeTestMethods(TestInvoker.java:194)
	at org.testng.internal.invokers.TestMethodWorker.invokeTestMethods(TestMethodWorker.java:148)
	at org.testng.internal.invokers.TestMethodWorker.run(TestMethodWorker.java:128)
	at java.base/java.util.ArrayList.forEach(ArrayList.java:1511)
	at org.testng.TestRunner.privateRun(TestRunner.java:829)
	at org.testng.TestRunner.run(TestRunner.java:602)
	at org.testng.SuiteRunner.runTest(SuiteRunner.java:437)
	at org.testng.SuiteRunner.runSequentially(SuiteRunner.java:431)
	at org.testng.SuiteRunner.privateRun(SuiteRunner.java:391)
	at org.testng.SuiteRunner.run(SuiteRunner.java:330)
	at org.testng.SuiteRunnerWorker.runSuite(SuiteRunnerWorker.java:52)
	at org.testng.SuiteRunnerWorker.run(SuiteRunnerWorker.java:95)
	at org.testng.TestNG.runSuitesSequentially(TestNG.java:1256)
	at org.testng.TestNG.runSuitesLocally(TestNG.java:1176)
	at org.testng.TestNG.runSuites(TestNG.java:1099)
	at org.testng.TestNG.run(TestNG.java:1067)
	at org.apache.maven.surefire.testng.TestNGExecutor.run(TestNGExecutor.java:178)
	at org.apache.maven.surefire.testng.TestNGXmlTestSuite.execute(TestNGXmlTestSuite.java:92)
	at org.apache.maven.surefire.testng.TestNGProvider.invoke(TestNGProvider.java:96)
	at java.base/jdk.internal.reflect.DirectMethodHandleAccessor.invoke(DirectMethodHandleAccessor.java:104)
	at java.base/java.lang.reflect.Method.invoke(Method.java:578)
	at org.apache.maven.surefire.util.ReflectionUtils.invokeMethodWithArray(ReflectionUtils.java:189)
	at org.apache.maven.surefire.booter.ProviderFactory$ProviderProxy.invoke(ProviderFactory.java:165)
	at org.apache.maven.surefire.booter.ProviderFactory.invokeProvider(ProviderFactory.java:85)
	at org.apache.maven.surefire.booter.ForkedBooter.runSuitesInProcess(ForkedBooter.java:115)
	at org.apache.maven.surefire.booter.ForkedBooter.main(ForkedBooter.java:75)
</pre></div><a href='#' onClick='toggleBox("stack-trace642554260", this, "Click to show all stack frames", "Click to hide stack frames")'>Click to show all stack frames</a>
<div class='stack-trace' id='stack-trace642554260'><pre>java.lang.AssertionError: expected [Success] but found []
	at org.testng.Assert.fail(Assert.java:110)
	at org.testng.Assert.failNotEquals(Assert.java:1577)
	at org.testng.Assert.assertEqualsImpl(Assert.java:149)
	at org.testng.Assert.assertEquals(Assert.java:131)
	at org.testng.Assert.assertEquals(Assert.java:655)
	at org.testng.Assert.assertEquals(Assert.java:665)
	at orangehrm.project.tests.MyInfoTest.selectBloodType(MyInfoTest.java:36)
	at java.base/jdk.internal.reflect.DirectMethodHandleAccessor.invoke(DirectMethodHandleAccessor.java:104)
	at java.base/java.lang.reflect.Method.invoke(Method.java:578)
	at org.testng.internal.invokers.MethodInvocationHelper.invokeMethod(MethodInvocationHelper.java:139)
	at org.testng.internal.invokers.TestInvoker.invokeMethod(TestInvoker.java:677)
	at org.testng.internal.invokers.TestInvoker.invokeTestMethod(TestInvoker.java:221)
	at org.testng.internal.invokers.MethodRunner.runInSequence(MethodRunner.java:50)
	at org.testng.internal.invokers.TestInvoker$MethodInvocationAgent.invoke(TestInvoker.java:969)
	at org.testng.internal.invokers.TestInvoker.invokeTestMethods(TestInvoker.java:194)
	at org.testng.internal.invokers.TestMethodWorker.invokeTestMethods(TestMethodWorker.java:148)
	at org.testng.internal.invokers.TestMethodWorker.run(TestMethodWorker.java:128)
	at java.base/java.util.ArrayList.forEach(ArrayList.java:1511)
	at org.testng.TestRunner.privateRun(TestRunner.java:829)
	at org.testng.TestRunner.run(TestRunner.java:602)
	at org.testng.SuiteRunner.runTest(SuiteRunner.java:437)
	at org.testng.SuiteRunner.runSequentially(SuiteRunner.java:431)
	at org.testng.SuiteRunner.privateRun(SuiteRunner.java:391)
	at org.testng.SuiteRunner.run(SuiteRunner.java:330)
	at org.testng.SuiteRunnerWorker.runSuite(SuiteRunnerWorker.java:52)
	at org.testng.SuiteRunnerWorker.run(SuiteRunnerWorker.java:95)
	at org.testng.TestNG.runSuitesSequentially(TestNG.java:1256)
	at org.testng.TestNG.runSuitesLocally(TestNG.java:1176)
	at org.testng.TestNG.runSuites(TestNG.java:1099)
	at org.testng.TestNG.run(TestNG.java:1067)
	at org.apache.maven.surefire.testng.TestNGExecutor.run(TestNGExecutor.java:178)
	at org.apache.maven.surefire.testng.TestNGXmlTestSuite.execute(TestNGXmlTestSuite.java:92)
	at org.apache.maven.surefire.testng.TestNGProvider.invoke(TestNGProvider.java:96)
	at java.base/jdk.internal.reflect.DirectMethodHandleAccessor.invoke(DirectMethodHandleAccessor.java:104)
	at java.base/java.lang.reflect.Method.invoke(Method.java:578)
	at org.apache.maven.surefire.util.ReflectionUtils.invokeMethodWithArray(ReflectionUtils.java:189)
	at org.apache.maven.surefire.booter.ProviderFactory$ProviderProxy.invoke(ProviderFactory.java:165)
	at org.apache.maven.surefire.booter.ProviderFactory.invokeProvider(ProviderFactory.java:85)
	at org.apache.maven.surefire.booter.ForkedBooter.runSuitesInProcess(ForkedBooter.java:115)
	at org.apache.maven.surefire.booter.ForkedBooter.main(ForkedBooter.java:75)
</pre></div></td>
<td>4</td>
<td>orangehrm.project.tests.MyInfoTest@69eb86b4</td></tr>
</table><p>
<table width='100%' border='1' class='invocation-passed'>
<tr><td colspan='4' align='center'><b>PASSED TESTS</b></td></tr>
<tr><td><b>Test method</b></td>
<td><b>Attribute(s)</b></td>
<td width="30%"><b>Exception</b></td>
<td width="10%"><b>Time (seconds)</b></td>
<td><b>Instance</b></td>
</tr>
<tr>
<td title='orangehrm.project.tests.HomePagetest.AdminFromMenu()'><b>AdminFromMenu</b><br>Test class: orangehrm.project.tests.HomePagetest</td>
<td></td>
<td>3</td>
<td>orangehrm.project.tests.HomePagetest@17ca8b92</td></tr>
<tr>
<td title='orangehrm.project.tests.LoginPageTest.OrangeHrmIncLink()'><b>OrangeHrmIncLink</b><br>Test class: orangehrm.project.tests.LoginPageTest</td>
<td></td>
<td>2</td>
<td>orangehrm.project.tests.LoginPageTest@3b0ca5e1</td></tr>
<tr>
<td title='orangehrm.project.tests.LoginPageTest.TweeterIconLink()'><b>TweeterIconLink</b><br>Test class: orangehrm.project.tests.LoginPageTest</td>
<td></td>
<td>0</td>
<td>orangehrm.project.tests.LoginPageTest@3b0ca5e1</td></tr>
<tr>
<td title='orangehrm.project.tests.HomePagetest.TimeFromMenu()'><b>TimeFromMenu</b><br>Test class: orangehrm.project.tests.HomePagetest</td>
<td></td>
<td>3</td>
<td>orangehrm.project.tests.HomePagetest@17ca8b92</td></tr>
<tr>
<td title='orangehrm.project.tests.LoginPageTest.LoginTestWithInvalidCredentials()'><b>LoginTestWithInvalidCredentials</b><br>Test class: orangehrm.project.tests.LoginPageTest<br>Parameters: dong.leffler, admin123</td>
<td></td>
<td>1</td>
<td>orangehrm.project.tests.LoginPageTest@3b0ca5e1</td></tr>
<tr>
<td title='orangehrm.project.tests.HomePagetest.PerformanceFromMenu()'><b>PerformanceFromMenu</b><br>Test class: orangehrm.project.tests.HomePagetest</td>
<td></td>
<td>3</td>
<td>orangehrm.project.tests.HomePagetest@17ca8b92</td></tr>
<tr>
<td title='orangehrm.project.tests.HomePagetest.LeaveFromMenu()'><b>LeaveFromMenu</b><br>Test class: orangehrm.project.tests.HomePagetest</td>
<td></td>
<td>3</td>
<td>orangehrm.project.tests.HomePagetest@17ca8b92</td></tr>
<tr>
<td title='orangehrm.project.tests.LoginPageTest.LoginTestWithInvalidCredentials()'><b>LoginTestWithInvalidCredentials</b><br>Test class: orangehrm.project.tests.LoginPageTest<br>Parameters: Admin, jus6l06rfnev</td>
<td></td>
<td>1</td>
<td>orangehrm.project.tests.LoginPageTest@3b0ca5e1</td></tr>
<tr>
<td title='orangehrm.project.tests.LoginPageTest.ResetPassword()'><b>ResetPassword</b><br>Test class: orangehrm.project.tests.LoginPageTest</td>
<td></td>
<td>2</td>
<td>orangehrm.project.tests.LoginPageTest@3b0ca5e1</td></tr>
<tr>
<td title='orangehrm.project.tests.HomePagetest.DirectoryFromMenu()'><b>DirectoryFromMenu</b><br>Test class: orangehrm.project.tests.HomePagetest</td>
<td></td>
<td>3</td>
<td>orangehrm.project.tests.HomePagetest@17ca8b92</td></tr>
<tr>
<td title='orangehrm.project.tests.LoginPageTest.LinkedinIconLink()'><b>LinkedinIconLink</b><br>Test class: orangehrm.project.tests.LoginPageTest</td>
<td></td>
<td>1</td>
<td>orangehrm.project.tests.LoginPageTest@3b0ca5e1</td></tr>
<tr>
<td title='orangehrm.project.tests.HomePagetest.DashboardFromMenu()'><b>DashboardFromMenu</b><br>Test class: orangehrm.project.tests.HomePagetest</td>
<td></td>
<td>2</td>
<td>orangehrm.project.tests.HomePagetest@17ca8b92</td></tr>
<tr>
<td title='orangehrm.project.tests.LoginPageTest.FacebookIconLink()'><b>FacebookIconLink</b><br>Test class: orangehrm.project.tests.LoginPageTest</td>
<td></td>
<td>1</td>
<td>orangehrm.project.tests.LoginPageTest@3b0ca5e1</td></tr>
<tr>
<td title='orangehrm.project.tests.HomePagetest.RecruitmentFromMenu()'><b>RecruitmentFromMenu</b><br>Test class: orangehrm.project.tests.HomePagetest</td>
<td></td>
<td>3</td>
<td>orangehrm.project.tests.HomePagetest@17ca8b92</td></tr>
<tr>
<td title='orangehrm.project.tests.HomePagetest.BuzzFromMenu()'><b>BuzzFromMenu</b><br>Test class: orangehrm.project.tests.HomePagetest</td>
<td></td>
<td>2</td>
<td>orangehrm.project.tests.HomePagetest@17ca8b92</td></tr>
<tr>
<td title='orangehrm.project.tests.LoginPageTest.LoginTest()'><b>LoginTest</b><br>Test class: orangehrm.project.tests.LoginPageTest</td>
<td></td>
<td>1</td>
<td>orangehrm.project.tests.LoginPageTest@3b0ca5e1</td></tr>
<tr>
<td title='orangehrm.project.tests.LoginPageTest.LoginTestWithInvalidCredentials()'><b>LoginTestWithInvalidCredentials</b><br>Test class: orangehrm.project.tests.LoginPageTest<br>Parameters: dong.leffler, jus6l06rfnev</td>
<td></td>
<td>1</td>
<td>orangehrm.project.tests.LoginPageTest@3b0ca5e1</td></tr>
<tr>
<td title='orangehrm.project.tests.AdminPageTest.ChangePasswordCheckBox()'><b>ChangePasswordCheckBox</b><br>Test class: orangehrm.project.tests.AdminPageTest</td>
<td></td>
<td>4</td>
<td>orangehrm.project.tests.AdminPageTest@4642b71d</td></tr>
<tr>
<td title='orangehrm.project.tests.BuzzPageTest.addCommentToMostRecentPost()'><b>addCommentToMostRecentPost</b><br>Test class: orangehrm.project.tests.BuzzPageTest</td>
<td></td>
<td>3</td>
<td>orangehrm.project.tests.BuzzPageTest@3122b117</td></tr>
<tr>
<td title='orangehrm.project.tests.LoginPageTest.YouTubeIconLink()'><b>YouTubeIconLink</b><br>Test class: orangehrm.project.tests.LoginPageTest</td>
<td></td>
<td>4</td>
<td>orangehrm.project.tests.LoginPageTest@3b0ca5e1</td></tr>
</table><p>
</body>
</html>